{"/Users/kooshapari/CodeProjects/Phenotype/repos/HexaType/eslint.config.js": {"path":"/Users/kooshapari/CodeProjects/Phenotype/repos/HexaType/eslint.config.js","all":true,"statementMap":{"0":{"start":{"line":1,"column":0},"end":{"line":1,"column":56}},"1":{"start":{"line":2,"column":0},"end":{"line":2,"column":49}},"3":{"start":{"line":4,"column":0},"end":{"line":4,"column":16}},"4":{"start":{"line":5,"column":0},"end":{"line":5,"column":3}},"5":{"start":{"line":6,"column":0},"end":{"line":6,"column":59}},"6":{"start":{"line":7,"column":0},"end":{"line":7,"column":4}},"7":{"start":{"line":8,"column":0},"end":{"line":8,"column":3}},"8":{"start":{"line":9,"column":0},"end":{"line":9,"column":27}},"9":{"start":{"line":10,"column":0},"end":{"line":10,"column":22}},"10":{"start":{"line":11,"column":0},"end":{"line":11,"column":23}},"11":{"start":{"line":12,"column":0},"end":{"line":12,"column":22}},"12":{"start":{"line":13,"column":0},"end":{"line":13,"column":30}},"13":{"start":{"line":14,"column":0},"end":{"line":14,"column":29}},"14":{"start":{"line":15,"column":0},"end":{"line":15,"column":8}},"15":{"start":{"line":16,"column":0},"end":{"line":16,"column":6}},"16":{"start":{"line":17,"column":0},"end":{"line":17,"column":14}},"17":{"start":{"line":18,"column":0},"end":{"line":18,"column":37}},"18":{"start":{"line":19,"column":0},"end":{"line":19,"column":6}},"19":{"start":{"line":20,"column":0},"end":{"line":20,"column":12}},"20":{"start":{"line":21,"column":0},"end":{"line":21,"column":51}},"21":{"start":{"line":22,"column":0},"end":{"line":22,"column":64}},"22":{"start":{"line":23,"column":0},"end":{"line":23,"column":82}},"23":{"start":{"line":24,"column":0},"end":{"line":24,"column":6}},"24":{"start":{"line":25,"column":0},"end":{"line":25,"column":4}},"25":{"start":{"line":26,"column":0},"end":{"line":26,"column":2}}},"s":{"0":0,"1":0,"3":0,"4":0,"5":0,"6":0,"7":0,"8":0,"9":0,"10":0,"11":0,"12":0,"13":0,"14":0,"15":0,"16":0,"17":0,"18":0,"19":0,"20":0,"21":0,"22":0,"23":0,"24":0,"25":0},"branchMap":{"0":{"type":"branch","line":1,"loc":{"start":{"line":1,"column":660},"end":{"line":26,"column":2}},"locations":[{"start":{"line":1,"column":660},"end":{"line":26,"column":2}}]}},"b":{"0":[0]},"fnMap":{"0":{"name":"(empty-report)","decl":{"start":{"line":1,"column":660},"end":{"line":26,"column":2}},"loc":{"start":{"line":1,"column":660},"end":{"line":26,"column":2}},"line":1}},"f":{"0":0}}
,"/Users/kooshapari/CodeProjects/Phenotype/repos/HexaType/docs/.vitepress/config.mts": {"path":"/Users/kooshapari/CodeProjects/Phenotype/repos/HexaType/docs/.vitepress/config.mts","all":true,"statementMap":{"0":{"start":{"line":1,"column":0},"end":{"line":1,"column":40}},"2":{"start":{"line":3,"column":0},"end":{"line":3,"column":29}},"3":{"start":{"line":4,"column":0},"end":{"line":4,"column":20}},"4":{"start":{"line":5,"column":0},"end":{"line":5,"column":66}},"5":{"start":{"line":6,"column":0},"end":{"line":6,"column":21}},"6":{"start":{"line":7,"column":0},"end":{"line":7,"column":16}},"7":{"start":{"line":8,"column":0},"end":{"line":8,"column":10}},"8":{"start":{"line":9,"column":0},"end":{"line":9,"column":34}},"9":{"start":{"line":10,"column":0},"end":{"line":10,"column":36}},"10":{"start":{"line":11,"column":0},"end":{"line":11,"column":6}},"11":{"start":{"line":12,"column":0},"end":{"line":12,"column":14}},"12":{"start":{"line":13,"column":0},"end":{"line":13,"column":7}},"13":{"start":{"line":14,"column":0},"end":{"line":14,"column":22}},"14":{"start":{"line":15,"column":0},"end":{"line":15,"column":16}},"15":{"start":{"line":16,"column":0},"end":{"line":16,"column":42}},"16":{"start":{"line":17,"column":0},"end":{"line":17,"column":58}},"17":{"start":{"line":18,"column":0},"end":{"line":18,"column":55}},"18":{"start":{"line":19,"column":0},"end":{"line":19,"column":9}},"19":{"start":{"line":20,"column":0},"end":{"line":20,"column":8}},"20":{"start":{"line":21,"column":0},"end":{"line":21,"column":7}},"21":{"start":{"line":22,"column":0},"end":{"line":22,"column":26}},"22":{"start":{"line":23,"column":0},"end":{"line":23,"column":16}},"23":{"start":{"line":24,"column":0},"end":{"line":24,"column":50}},"24":{"start":{"line":25,"column":0},"end":{"line":25,"column":58}},"25":{"start":{"line":26,"column":0},"end":{"line":26,"column":9}},"26":{"start":{"line":27,"column":0},"end":{"line":27,"column":7}},"27":{"start":{"line":28,"column":0},"end":{"line":28,"column":5}},"28":{"start":{"line":29,"column":0},"end":{"line":29,"column":3}},"29":{"start":{"line":30,"column":0},"end":{"line":30,"column":2}}},"s":{"0":0,"2":0,"3":0,"4":0,"5":0,"6":0,"7":0,"8":0,"9":0,"10":0,"11":0,"12":0,"13":0,"14":0,"15":0,"16":0,"17":0,"18":0,"19":0,"20":0,"21":0,"22":0,"23":0,"24":0,"25":0,"26":0,"27":0,"28":0,"29":0},"branchMap":{"0":{"type":"branch","line":1,"loc":{"start":{"line":1,"column":721},"end":{"line":30,"column":2}},"locations":[{"start":{"line":1,"column":721},"end":{"line":30,"column":2}}]}},"b":{"0":[0]},"fnMap":{"0":{"name":"(empty-report)","decl":{"start":{"line":1,"column":721},"end":{"line":30,"column":2}},"loc":{"start":{"line":1,"column":721},"end":{"line":30,"column":2}},"line":1}},"f":{"0":0}}
,"/Users/kooshapari/CodeProjects/Phenotype/repos/HexaType/src/index.ts": {"path":"/Users/kooshapari/CodeProjects/Phenotype/repos/HexaType/src/index.ts","all":false,"statementMap":{"8":{"start":{"line":9,"column":0},"end":{"line":9,"column":25}},"11":{"start":{"line":12,"column":0},"end":{"line":12,"column":24}},"14":{"start":{"line":15,"column":0},"end":{"line":15,"column":30}},"17":{"start":{"line":18,"column":0},"end":{"line":18,"column":27}}},"s":{"8":1,"11":1,"14":1,"17":1},"branchMap":{},"b":{},"fnMap":{},"f":{}}
,"/Users/kooshapari/CodeProjects/Phenotype/repos/HexaType/src/adapters/index.ts": {"path":"/Users/kooshapari/CodeProjects/Phenotype/repos/HexaType/src/adapters/index.ts","all":false,"statementMap":{"7":{"start":{"line":8,"column":0},"end":{"line":8,"column":68}},"9":{"start":{"line":10,"column":0},"end":{"line":10,"column":1}},"10":{"start":{"line":11,"column":0},"end":{"line":11,"column":42}},"12":{"start":{"line":13,"column":0},"end":{"line":13,"column":37}},"13":{"start":{"line":14,"column":0},"end":{"line":14,"column":47}},"14":{"start":{"line":15,"column":0},"end":{"line":15,"column":18}},"15":{"start":{"line":16,"column":0},"end":{"line":16,"column":3}},"17":{"start":{"line":18,"column":0},"end":{"line":18,"column":60}},"18":{"start":{"line":19,"column":0},"end":{"line":19,"column":47}},"19":{"start":{"line":20,"column":0},"end":{"line":20,"column":3}},"21":{"start":{"line":22,"column":0},"end":{"line":22,"column":54}},"22":{"start":{"line":23,"column":0},"end":{"line":23,"column":35}},"23":{"start":{"line":24,"column":0},"end":{"line":24,"column":3}},"25":{"start":{"line":26,"column":0},"end":{"line":26,"column":33}},"26":{"start":{"line":27,"column":0},"end":{"line":27,"column":46}},"27":{"start":{"line":28,"column":0},"end":{"line":28,"column":3}},"29":{"start":{"line":30,"column":0},"end":{"line":30,"column":59}},"30":{"start":{"line":31,"column":0},"end":{"line":31,"column":14}},"31":{"start":{"line":32,"column":0},"end":{"line":32,"column":47}},"32":{"start":{"line":33,"column":0},"end":{"line":33,"column":46}},"33":{"start":{"line":34,"column":0},"end":{"line":34,"column":3}},"35":{"start":{"line":36,"column":0},"end":{"line":36,"column":17}},"36":{"start":{"line":37,"column":0},"end":{"line":37,"column":26}},"37":{"start":{"line":38,"column":0},"end":{"line":38,"column":3}},"38":{"start":{"line":39,"column":0},"end":{"line":39,"column":1}},"63":{"start":{"line":64,"column":0},"end":{"line":64,"column":26}},"64":{"start":{"line":65,"column":0},"end":{"line":65,"column":53}},"66":{"start":{"line":67,"column":0},"end":{"line":67,"column":11}},"67":{"start":{"line":68,"column":0},"end":{"line":68,"column":19}},"68":{"start":{"line":69,"column":0},"end":{"line":69,"column":17}},"69":{"start":{"line":70,"column":0},"end":{"line":70,"column":21}},"70":{"start":{"line":71,"column":0},"end":{"line":71,"column":11}},"71":{"start":{"line":72,"column":0},"end":{"line":72,"column":52}},"72":{"start":{"line":73,"column":0},"end":{"line":73,"column":3}},"74":{"start":{"line":75,"column":0},"end":{"line":75,"column":61}},"75":{"start":{"line":76,"column":0},"end":{"line":76,"column":75}},"76":{"start":{"line":77,"column":0},"end":{"line":77,"column":19}},"77":{"start":{"line":78,"column":0},"end":{"line":78,"column":14}},"78":{"start":{"line":79,"column":0},"end":{"line":79,"column":20}},"79":{"start":{"line":80,"column":0},"end":{"line":80,"column":20}},"80":{"start":{"line":81,"column":0},"end":{"line":81,"column":65}},"81":{"start":{"line":82,"column":0},"end":{"line":82,"column":8}},"82":{"start":{"line":83,"column":0},"end":{"line":83,"column":5}},"84":{"start":{"line":85,"column":0},"end":{"line":85,"column":9}},"85":{"start":{"line":86,"column":0},"end":{"line":86,"column":44}},"86":{"start":{"line":87,"column":0},"end":{"line":87,"column":14}},"87":{"start":{"line":88,"column":0},"end":{"line":88,"column":20}},"88":{"start":{"line":89,"column":0},"end":{"line":89,"column":56}},"89":{"start":{"line":90,"column":0},"end":{"line":90,"column":21}},"90":{"start":{"line":91,"column":0},"end":{"line":91,"column":8}},"91":{"start":{"line":92,"column":0},"end":{"line":92,"column":21}},"92":{"start":{"line":93,"column":0},"end":{"line":93,"column":14}},"93":{"start":{"line":94,"column":0},"end":{"line":94,"column":20}},"94":{"start":{"line":95,"column":0},"end":{"line":95,"column":20}},"95":{"start":{"line":96,"column":0},"end":{"line":96,"column":16}},"96":{"start":{"line":97,"column":0},"end":{"line":97,"column":33}},"97":{"start":{"line":98,"column":0},"end":{"line":98,"column":76}},"98":{"start":{"line":99,"column":0},"end":{"line":99,"column":10}},"99":{"start":{"line":100,"column":0},"end":{"line":100,"column":8}},"100":{"start":{"line":101,"column":0},"end":{"line":101,"column":5}},"101":{"start":{"line":102,"column":0},"end":{"line":102,"column":3}},"102":{"start":{"line":103,"column":0},"end":{"line":103,"column":1}},"107":{"start":{"line":108,"column":0},"end":{"line":108,"column":64}},"109":{"start":{"line":110,"column":0},"end":{"line":110,"column":1}},"110":{"start":{"line":111,"column":0},"end":{"line":111,"column":76}},"112":{"start":{"line":113,"column":0},"end":{"line":113,"column":57}},"113":{"start":{"line":114,"column":0},"end":{"line":114,"column":49}},"114":{"start":{"line":115,"column":0},"end":{"line":115,"column":19}},"115":{"start":{"line":116,"column":0},"end":{"line":116,"column":24}},"116":{"start":{"line":117,"column":0},"end":{"line":117,"column":62}},"117":{"start":{"line":118,"column":0},"end":{"line":118,"column":8}},"118":{"start":{"line":119,"column":0},"end":{"line":119,"column":5}},"119":{"start":{"line":120,"column":0},"end":{"line":120,"column":3}},"121":{"start":{"line":122,"column":0},"end":{"line":122,"column":72}},"122":{"start":{"line":123,"column":0},"end":{"line":123,"column":39}},"123":{"start":{"line":124,"column":0},"end":{"line":124,"column":45}},"124":{"start":{"line":125,"column":0},"end":{"line":125,"column":5}},"125":{"start":{"line":126,"column":0},"end":{"line":126,"column":46}},"126":{"start":{"line":127,"column":0},"end":{"line":127,"column":3}},"128":{"start":{"line":129,"column":0},"end":{"line":129,"column":74}},"129":{"start":{"line":130,"column":0},"end":{"line":130,"column":49}},"130":{"start":{"line":131,"column":0},"end":{"line":131,"column":3}},"131":{"start":{"line":132,"column":0},"end":{"line":132,"column":1}}},"s":{"7":1,"9":6,"10":6,"12":1,"13":6,"14":6,"15":6,"17":1,"18":3,"19":3,"21":1,"22":1,"23":1,"25":1,"26":2,"27":2,"29":1,"30":0,"31":0,"32":0,"33":0,"35":1,"36":1,"37":1,"38":1,"63":1,"64":3,"66":1,"67":2,"68":2,"69":2,"70":2,"71":2,"72":2,"74":1,"75":3,"76":3,"77":1,"78":1,"79":1,"80":1,"81":1,"82":1,"84":2,"85":2,"86":1,"87":1,"88":1,"89":1,"90":1,"91":1,"92":1,"93":1,"94":1,"95":1,"96":1,"97":1,"98":1,"99":1,"100":1,"101":3,"102":1,"107":1,"109":3,"110":3,"112":1,"113":4,"114":4,"115":4,"116":4,"117":4,"118":4,"119":4,"121":1,"122":4,"123":3,"124":3,"125":4,"126":4,"128":1,"129":1,"130":1,"131":1},"branchMap":{"0":{"type":"branch","line":10,"loc":{"start":{"line":10,"column":0},"end":{"line":11,"column":42}},"locations":[{"start":{"line":10,"column":0},"end":{"line":11,"column":42}}]},"1":{"type":"branch","line":13,"loc":{"start":{"line":13,"column":2},"end":{"line":16,"column":3}},"locations":[{"start":{"line":13,"column":2},"end":{"line":16,"column":3}}]},"2":{"type":"branch","line":18,"loc":{"start":{"line":18,"column":2},"end":{"line":20,"column":3}},"locations":[{"start":{"line":18,"column":2},"end":{"line":20,"column":3}}]},"3":{"type":"branch","line":19,"loc":{"start":{"line":19,"column":37},"end":{"line":19,"column":47}},"locations":[{"start":{"line":19,"column":37},"end":{"line":19,"column":47}}]},"4":{"type":"branch","line":22,"loc":{"start":{"line":22,"column":2},"end":{"line":24,"column":3}},"locations":[{"start":{"line":22,"column":2},"end":{"line":24,"column":3}}]},"5":{"type":"branch","line":26,"loc":{"start":{"line":26,"column":2},"end":{"line":28,"column":3}},"locations":[{"start":{"line":26,"column":2},"end":{"line":28,"column":3}}]},"6":{"type":"branch","line":36,"loc":{"start":{"line":36,"column":2},"end":{"line":38,"column":3}},"locations":[{"start":{"line":36,"column":2},"end":{"line":38,"column":3}}]},"7":{"type":"branch","line":64,"loc":{"start":{"line":64,"column":7},"end":{"line":65,"column":53}},"locations":[{"start":{"line":64,"column":7},"end":{"line":65,"column":53}}]},"8":{"type":"branch","line":67,"loc":{"start":{"line":67,"column":2},"end":{"line":73,"column":3}},"locations":[{"start":{"line":67,"column":2},"end":{"line":73,"column":3}}]},"9":{"type":"branch","line":75,"loc":{"start":{"line":75,"column":2},"end":{"line":102,"column":3}},"locations":[{"start":{"line":75,"column":2},"end":{"line":102,"column":3}}]},"10":{"type":"branch","line":77,"loc":{"start":{"line":77,"column":18},"end":{"line":83,"column":5}},"locations":[{"start":{"line":77,"column":18},"end":{"line":83,"column":5}}]},"11":{"type":"branch","line":83,"loc":{"start":{"line":83,"column":4},"end":{"line":86,"column":44}},"locations":[{"start":{"line":83,"column":4},"end":{"line":86,"column":44}}]},"12":{"type":"branch","line":86,"loc":{"start":{"line":86,"column":42},"end":{"line":101,"column":5}},"locations":[{"start":{"line":86,"column":42},"end":{"line":101,"column":5}}]},"13":{"type":"branch","line":98,"loc":{"start":{"line":98,"column":50},"end":{"line":98,"column":76}},"locations":[{"start":{"line":98,"column":50},"end":{"line":98,"column":76}}]},"14":{"type":"branch","line":110,"loc":{"start":{"line":110,"column":0},"end":{"line":111,"column":76}},"locations":[{"start":{"line":110,"column":0},"end":{"line":111,"column":76}}]},"15":{"type":"branch","line":113,"loc":{"start":{"line":113,"column":2},"end":{"line":120,"column":3}},"locations":[{"start":{"line":113,"column":2},"end":{"line":120,"column":3}}]},"16":{"type":"branch","line":117,"loc":{"start":{"line":117,"column":33},"end":{"line":117,"column":60}},"locations":[{"start":{"line":117,"column":33},"end":{"line":117,"column":60}}]},"17":{"type":"branch","line":122,"loc":{"start":{"line":122,"column":2},"end":{"line":127,"column":3}},"locations":[{"start":{"line":122,"column":2},"end":{"line":127,"column":3}}]},"18":{"type":"branch","line":123,"loc":{"start":{"line":123,"column":38},"end":{"line":125,"column":5}},"locations":[{"start":{"line":123,"column":38},"end":{"line":125,"column":5}}]},"19":{"type":"branch","line":129,"loc":{"start":{"line":129,"column":2},"end":{"line":131,"column":3}},"locations":[{"start":{"line":129,"column":2},"end":{"line":131,"column":3}}]}},"b":{"0":[6],"1":[6],"2":[3],"3":[2],"4":[1],"5":[2],"6":[1],"7":[3],"8":[2],"9":[3],"10":[1],"11":[2],"12":[1],"13":[0],"14":[3],"15":[4],"16":[4],"17":[4],"18":[3],"19":[1]},"fnMap":{"0":{"name":"InMemoryRepository","decl":{"start":{"line":10,"column":0},"end":{"line":11,"column":42}},"loc":{"start":{"line":10,"column":0},"end":{"line":11,"column":42}},"line":10},"1":{"name":"save","decl":{"start":{"line":13,"column":2},"end":{"line":16,"column":3}},"loc":{"start":{"line":13,"column":2},"end":{"line":16,"column":3}},"line":13},"2":{"name":"findById","decl":{"start":{"line":18,"column":2},"end":{"line":20,"column":3}},"loc":{"start":{"line":18,"column":2},"end":{"line":20,"column":3}},"line":18},"3":{"name":"delete","decl":{"start":{"line":22,"column":2},"end":{"line":24,"column":3}},"loc":{"start":{"line":22,"column":2},"end":{"line":24,"column":3}},"line":22},"4":{"name":"findAll","decl":{"start":{"line":26,"column":2},"end":{"line":28,"column":3}},"loc":{"start":{"line":26,"column":2},"end":{"line":28,"column":3}},"line":26},"5":{"name":"findByIds","decl":{"start":{"line":30,"column":2},"end":{"line":34,"column":3}},"loc":{"start":{"line":30,"column":2},"end":{"line":34,"column":3}},"line":30},"6":{"name":"clear","decl":{"start":{"line":36,"column":2},"end":{"line":38,"column":3}},"loc":{"start":{"line":36,"column":2},"end":{"line":38,"column":3}},"line":36},"7":{"name":"RestAdapter","decl":{"start":{"line":64,"column":7},"end":{"line":65,"column":53}},"loc":{"start":{"line":64,"column":7},"end":{"line":65,"column":53}},"line":64},"8":{"name":"register","decl":{"start":{"line":67,"column":2},"end":{"line":73,"column":3}},"loc":{"start":{"line":67,"column":2},"end":{"line":73,"column":3}},"line":67},"9":{"name":"handle","decl":{"start":{"line":75,"column":2},"end":{"line":102,"column":3}},"loc":{"start":{"line":75,"column":2},"end":{"line":102,"column":3}},"line":75},"10":{"name":"InMemoryMessageBus","decl":{"start":{"line":110,"column":0},"end":{"line":111,"column":76}},"loc":{"start":{"line":110,"column":0},"end":{"line":111,"column":76}},"line":110},"11":{"name":"publish","decl":{"start":{"line":113,"column":2},"end":{"line":120,"column":3}},"loc":{"start":{"line":113,"column":2},"end":{"line":120,"column":3}},"line":113},"12":{"name":"subscribe","decl":{"start":{"line":122,"column":2},"end":{"line":127,"column":3}},"loc":{"start":{"line":122,"column":2},"end":{"line":127,"column":3}},"line":122},"13":{"name":"unsubscribe","decl":{"start":{"line":129,"column":2},"end":{"line":131,"column":3}},"loc":{"start":{"line":129,"column":2},"end":{"line":131,"column":3}},"line":129}},"f":{"0":6,"1":6,"2":3,"3":1,"4":2,"5":0,"6":1,"7":3,"8":2,"9":3,"10":3,"11":4,"12":4,"13":1}}
,"/Users/kooshapari/CodeProjects/Phenotype/repos/HexaType/src/application/index.ts": {"path":"/Users/kooshapari/CodeProjects/Phenotype/repos/HexaType/src/application/index.ts","all":false,"statementMap":{"15":{"start":{"line":16,"column":0},"end":{"line":16,"column":57}},"16":{"start":{"line":17,"column":0},"end":{"line":17,"column":14}},"17":{"start":{"line":18,"column":0},"end":{"line":18,"column":50}},"18":{"start":{"line":19,"column":0},"end":{"line":19,"column":6}},"20":{"start":{"line":21,"column":0},"end":{"line":21,"column":39}},"21":{"start":{"line":22,"column":0},"end":{"line":22,"column":26}},"22":{"start":{"line":23,"column":0},"end":{"line":23,"column":3}},"23":{"start":{"line":24,"column":0},"end":{"line":24,"column":1}},"25":{"start":{"line":26,"column":0},"end":{"line":26,"column":64}},"26":{"start":{"line":27,"column":0},"end":{"line":27,"column":14}},"27":{"start":{"line":28,"column":0},"end":{"line":28,"column":52}},"28":{"start":{"line":29,"column":0},"end":{"line":29,"column":6}},"30":{"start":{"line":31,"column":0},"end":{"line":31,"column":41}},"31":{"start":{"line":32,"column":0},"end":{"line":32,"column":28}},"32":{"start":{"line":33,"column":0},"end":{"line":33,"column":3}},"33":{"start":{"line":34,"column":0},"end":{"line":34,"column":1}},"35":{"start":{"line":36,"column":0},"end":{"line":36,"column":60}},"36":{"start":{"line":37,"column":0},"end":{"line":37,"column":14}},"37":{"start":{"line":38,"column":0},"end":{"line":38,"column":50}},"38":{"start":{"line":39,"column":0},"end":{"line":39,"column":6}},"40":{"start":{"line":41,"column":0},"end":{"line":41,"column":39}},"41":{"start":{"line":42,"column":0},"end":{"line":42,"column":26}},"42":{"start":{"line":43,"column":0},"end":{"line":43,"column":3}},"43":{"start":{"line":44,"column":0},"end":{"line":44,"column":1}},"73":{"start":{"line":74,"column":0},"end":{"line":74,"column":45}},"74":{"start":{"line":75,"column":0},"end":{"line":75,"column":14}},"75":{"start":{"line":76,"column":0},"end":{"line":76,"column":33}},"76":{"start":{"line":77,"column":0},"end":{"line":77,"column":53}},"77":{"start":{"line":78,"column":0},"end":{"line":78,"column":58}},"78":{"start":{"line":79,"column":0},"end":{"line":79,"column":6}},"79":{"start":{"line":80,"column":0},"end":{"line":80,"column":1}},"100":{"start":{"line":101,"column":0},"end":{"line":101,"column":45}},"101":{"start":{"line":102,"column":0},"end":{"line":102,"column":14}},"102":{"start":{"line":103,"column":0},"end":{"line":103,"column":33}},"103":{"start":{"line":104,"column":0},"end":{"line":104,"column":20}},"104":{"start":{"line":105,"column":0},"end":{"line":105,"column":34}},"105":{"start":{"line":106,"column":0},"end":{"line":106,"column":5}},"106":{"start":{"line":107,"column":0},"end":{"line":107,"column":19}},"107":{"start":{"line":108,"column":0},"end":{"line":108,"column":35}},"108":{"start":{"line":109,"column":0},"end":{"line":109,"column":3}},"109":{"start":{"line":110,"column":0},"end":{"line":110,"column":1}},"111":{"start":{"line":112,"column":0},"end":{"line":112,"column":26}},"112":{"start":{"line":113,"column":0},"end":{"line":113,"column":34}},"113":{"start":{"line":114,"column":0},"end":{"line":114,"column":54}},"114":{"start":{"line":115,"column":0},"end":{"line":115,"column":32}},"115":{"start":{"line":116,"column":0},"end":{"line":116,"column":47}},"116":{"start":{"line":117,"column":0},"end":{"line":117,"column":32}},"117":{"start":{"line":118,"column":0},"end":{"line":118,"column":46}},"118":{"start":{"line":119,"column":0},"end":{"line":119,"column":2}}},"s":{"15":1,"16":1,"17":1,"18":1,"20":1,"21":1,"22":1,"23":1,"25":1,"26":1,"27":1,"28":1,"30":1,"31":1,"32":1,"33":1,"35":1,"36":1,"37":1,"38":1,"40":1,"41":1,"42":1,"43":1,"73":1,"74":1,"75":1,"76":1,"77":1,"78":1,"79":1,"100":1,"101":1,"102":4,"103":4,"104":4,"105":4,"106":4,"107":4,"108":4,"109":1,"111":1,"112":1,"113":1,"114":1,"115":1,"116":1,"117":1,"118":1},"branchMap":{"0":{"type":"branch","line":17,"loc":{"start":{"line":17,"column":2},"end":{"line":19,"column":6}},"locations":[{"start":{"line":17,"column":2},"end":{"line":19,"column":6}}]},"1":{"type":"branch","line":21,"loc":{"start":{"line":21,"column":2},"end":{"line":23,"column":3}},"locations":[{"start":{"line":21,"column":2},"end":{"line":23,"column":3}}]},"2":{"type":"branch","line":27,"loc":{"start":{"line":27,"column":2},"end":{"line":29,"column":6}},"locations":[{"start":{"line":27,"column":2},"end":{"line":29,"column":6}}]},"3":{"type":"branch","line":31,"loc":{"start":{"line":31,"column":2},"end":{"line":33,"column":3}},"locations":[{"start":{"line":31,"column":2},"end":{"line":33,"column":3}}]},"4":{"type":"branch","line":37,"loc":{"start":{"line":37,"column":2},"end":{"line":39,"column":6}},"locations":[{"start":{"line":37,"column":2},"end":{"line":39,"column":6}}]},"5":{"type":"branch","line":41,"loc":{"start":{"line":41,"column":2},"end":{"line":43,"column":3}},"locations":[{"start":{"line":41,"column":2},"end":{"line":43,"column":3}}]},"6":{"type":"branch","line":75,"loc":{"start":{"line":75,"column":2},"end":{"line":79,"column":6}},"locations":[{"start":{"line":75,"column":2},"end":{"line":79,"column":6}}]},"7":{"type":"branch","line":102,"loc":{"start":{"line":102,"column":2},"end":{"line":109,"column":3}},"locations":[{"start":{"line":102,"column":2},"end":{"line":109,"column":3}}]},"8":{"type":"branch","line":113,"loc":{"start":{"line":113,"column":14},"end":{"line":114,"column":54}},"locations":[{"start":{"line":113,"column":14},"end":{"line":114,"column":54}}]},"9":{"type":"branch","line":115,"loc":{"start":{"line":115,"column":12},"end":{"line":116,"column":47}},"locations":[{"start":{"line":115,"column":12},"end":{"line":116,"column":47}}]},"10":{"type":"branch","line":117,"loc":{"start":{"line":117,"column":12},"end":{"line":118,"column":46}},"locations":[{"start":{"line":117,"column":12},"end":{"line":118,"column":46}}]}},"b":{"0":[1],"1":[1],"2":[1],"3":[1],"4":[1],"5":[1],"6":[1],"7":[4],"8":[1],"9":[1],"10":[1]},"fnMap":{"0":{"name":"UseCaseFunc","decl":{"start":{"line":17,"column":2},"end":{"line":19,"column":6}},"loc":{"start":{"line":17,"column":2},"end":{"line":19,"column":6}},"line":17},"1":{"name":"execute","decl":{"start":{"line":21,"column":2},"end":{"line":23,"column":3}},"loc":{"start":{"line":21,"column":2},"end":{"line":23,"column":3}},"line":21},"2":{"name":"CommandFunc","decl":{"start":{"line":27,"column":2},"end":{"line":29,"column":6}},"loc":{"start":{"line":27,"column":2},"end":{"line":29,"column":6}},"line":27},"3":{"name":"execute","decl":{"start":{"line":31,"column":2},"end":{"line":33,"column":3}},"loc":{"start":{"line":31,"column":2},"end":{"line":33,"column":3}},"line":31},"4":{"name":"QueryFunc","decl":{"start":{"line":37,"column":2},"end":{"line":39,"column":6}},"loc":{"start":{"line":37,"column":2},"end":{"line":39,"column":6}},"line":37},"5":{"name":"execute","decl":{"start":{"line":41,"column":2},"end":{"line":43,"column":3}},"loc":{"start":{"line":41,"column":2},"end":{"line":43,"column":3}},"line":41},"6":{"name":"BaseCommand","decl":{"start":{"line":75,"column":2},"end":{"line":79,"column":6}},"loc":{"start":{"line":75,"column":2},"end":{"line":79,"column":6}},"line":75},"7":{"name":"ApplicationError","decl":{"start":{"line":102,"column":2},"end":{"line":109,"column":3}},"loc":{"start":{"line":102,"column":2},"end":{"line":109,"column":3}},"line":102},"8":{"name":"Validation","decl":{"start":{"line":113,"column":14},"end":{"line":114,"column":54}},"loc":{"start":{"line":113,"column":14},"end":{"line":114,"column":54}},"line":113},"9":{"name":"NotFound","decl":{"start":{"line":115,"column":12},"end":{"line":116,"column":47}},"loc":{"start":{"line":115,"column":12},"end":{"line":116,"column":47}},"line":115},"10":{"name":"Conflict","decl":{"start":{"line":117,"column":12},"end":{"line":118,"column":46}},"loc":{"start":{"line":117,"column":12},"end":{"line":118,"column":46}},"line":117}},"f":{"0":1,"1":1,"2":1,"3":1,"4":1,"5":1,"6":1,"7":4,"8":1,"9":1,"10":1}}
,"/Users/kooshapari/CodeProjects/Phenotype/repos/HexaType/src/domain/index.ts": {"path":"/Users/kooshapari/CodeProjects/Phenotype/repos/HexaType/src/domain/index.ts","all":false,"statementMap":{"10":{"start":{"line":11,"column":0},"end":{"line":11,"column":79}},"11":{"start":{"line":12,"column":0},"end":{"line":12,"column":41}},"13":{"start":{"line":14,"column":0},"end":{"line":14,"column":39}},"14":{"start":{"line":15,"column":0},"end":{"line":15,"column":29}},"15":{"start":{"line":16,"column":0},"end":{"line":16,"column":36}},"16":{"start":{"line":17,"column":0},"end":{"line":17,"column":3}},"17":{"start":{"line":18,"column":0},"end":{"line":18,"column":1}},"26":{"start":{"line":27,"column":0},"end":{"line":27,"column":39}},"27":{"start":{"line":28,"column":0},"end":{"line":28,"column":47}},"29":{"start":{"line":30,"column":0},"end":{"line":30,"column":36}},"30":{"start":{"line":31,"column":0},"end":{"line":31,"column":63}},"31":{"start":{"line":32,"column":0},"end":{"line":32,"column":3}},"33":{"start":{"line":34,"column":0},"end":{"line":34,"column":22}},"34":{"start":{"line":35,"column":0},"end":{"line":35,"column":22}},"35":{"start":{"line":36,"column":0},"end":{"line":36,"column":3}},"37":{"start":{"line":38,"column":0},"end":{"line":38,"column":25}},"38":{"start":{"line":39,"column":0},"end":{"line":39,"column":41}},"39":{"start":{"line":40,"column":0},"end":{"line":40,"column":3}},"40":{"start":{"line":41,"column":0},"end":{"line":41,"column":1}},"48":{"start":{"line":49,"column":0},"end":{"line":49,"column":62}},"51":{"start":{"line":52,"column":0},"end":{"line":52,"column":1}},"63":{"start":{"line":64,"column":0},"end":{"line":64,"column":36}},"66":{"start":{"line":67,"column":0},"end":{"line":67,"column":27}},"67":{"start":{"line":68,"column":0},"end":{"line":68,"column":23}},"68":{"start":{"line":69,"column":0},"end":{"line":69,"column":45}},"70":{"start":{"line":71,"column":0},"end":{"line":71,"column":24}},"71":{"start":{"line":72,"column":0},"end":{"line":72,"column":14}},"72":{"start":{"line":73,"column":0},"end":{"line":73,"column":3}},"74":{"start":{"line":75,"column":0},"end":{"line":75,"column":25}},"75":{"start":{"line":76,"column":0},"end":{"line":76,"column":25}},"76":{"start":{"line":77,"column":0},"end":{"line":77,"column":3}},"78":{"start":{"line":79,"column":0},"end":{"line":79,"column":38}},"79":{"start":{"line":80,"column":0},"end":{"line":80,"column":36}},"80":{"start":{"line":81,"column":0},"end":{"line":81,"column":3}},"82":{"start":{"line":83,"column":0},"end":{"line":83,"column":48}},"83":{"start":{"line":84,"column":0},"end":{"line":84,"column":36}},"84":{"start":{"line":85,"column":0},"end":{"line":85,"column":20}},"85":{"start":{"line":86,"column":0},"end":{"line":86,"column":3}},"87":{"start":{"line":88,"column":0},"end":{"line":88,"column":31}},"88":{"start":{"line":89,"column":0},"end":{"line":89,"column":44}},"89":{"start":{"line":90,"column":0},"end":{"line":90,"column":29}},"90":{"start":{"line":91,"column":0},"end":{"line":91,"column":18}},"91":{"start":{"line":92,"column":0},"end":{"line":92,"column":3}},"92":{"start":{"line":93,"column":0},"end":{"line":93,"column":1}},"101":{"start":{"line":102,"column":0},"end":{"line":102,"column":62}},"104":{"start":{"line":105,"column":0},"end":{"line":105,"column":14}},"105":{"start":{"line":106,"column":0},"end":{"line":106,"column":38}},"106":{"start":{"line":107,"column":0},"end":{"line":107,"column":40}},"107":{"start":{"line":108,"column":0},"end":{"line":108,"column":5}},"108":{"start":{"line":109,"column":0},"end":{"line":109,"column":33}},"109":{"start":{"line":110,"column":0},"end":{"line":110,"column":3}},"110":{"start":{"line":111,"column":0},"end":{"line":111,"column":1}},"116":{"start":{"line":117,"column":0},"end":{"line":117,"column":40}},"117":{"start":{"line":118,"column":0},"end":{"line":118,"column":14}},"118":{"start":{"line":119,"column":0},"end":{"line":119,"column":33}},"119":{"start":{"line":120,"column":0},"end":{"line":120,"column":20}},"120":{"start":{"line":121,"column":0},"end":{"line":121,"column":34}},"121":{"start":{"line":122,"column":0},"end":{"line":122,"column":5}},"122":{"start":{"line":123,"column":0},"end":{"line":123,"column":19}},"123":{"start":{"line":124,"column":0},"end":{"line":124,"column":30}},"124":{"start":{"line":125,"column":0},"end":{"line":125,"column":3}},"125":{"start":{"line":126,"column":0},"end":{"line":126,"column":1}},"127":{"start":{"line":128,"column":0},"end":{"line":128,"column":23}},"128":{"start":{"line":129,"column":0},"end":{"line":129,"column":45}},"129":{"start":{"line":130,"column":0},"end":{"line":130,"column":42}},"130":{"start":{"line":131,"column":0},"end":{"line":131,"column":46}},"131":{"start":{"line":132,"column":0},"end":{"line":132,"column":46}},"132":{"start":{"line":133,"column":0},"end":{"line":133,"column":75}},"133":{"start":{"line":134,"column":0},"end":{"line":134,"column":2}}},"s":{"10":1,"11":1,"13":1,"14":3,"15":2,"16":3,"17":1,"26":1,"27":1,"29":1,"30":4,"31":4,"33":1,"34":1,"35":1,"37":1,"38":15,"39":15,"40":1,"48":1,"51":1,"63":1,"66":1,"67":1,"68":1,"70":1,"71":4,"72":4,"74":1,"75":3,"76":3,"78":1,"79":2,"80":2,"82":1,"83":2,"84":2,"85":2,"87":1,"88":1,"89":1,"90":1,"91":1,"92":1,"101":1,"104":1,"105":3,"106":3,"107":3,"108":3,"109":3,"110":1,"116":1,"117":1,"118":8,"119":8,"120":8,"121":8,"122":8,"123":8,"124":8,"125":1,"127":1,"128":1,"129":2,"130":1,"131":2,"132":1,"133":1},"branchMap":{"0":{"type":"branch","line":12,"loc":{"start":{"line":12,"column":2},"end":{"line":12,"column":41}},"locations":[{"start":{"line":12,"column":2},"end":{"line":12,"column":41}}]},"1":{"type":"branch","line":14,"loc":{"start":{"line":14,"column":2},"end":{"line":17,"column":3}},"locations":[{"start":{"line":14,"column":2},"end":{"line":17,"column":3}}]},"2":{"type":"branch","line":15,"loc":{"start":{"line":15,"column":16},"end":{"line":15,"column":29}},"locations":[{"start":{"line":15,"column":16},"end":{"line":15,"column":29}}]},"3":{"type":"branch","line":15,"loc":{"start":{"line":15,"column":23},"end":{"line":16,"column":36}},"locations":[{"start":{"line":15,"column":23},"end":{"line":16,"column":36}}]},"4":{"type":"branch","line":28,"loc":{"start":{"line":28,"column":2},"end":{"line":28,"column":47}},"locations":[{"start":{"line":28,"column":2},"end":{"line":28,"column":47}}]},"5":{"type":"branch","line":30,"loc":{"start":{"line":30,"column":2},"end":{"line":32,"column":3}},"locations":[{"start":{"line":30,"column":2},"end":{"line":32,"column":3}}]},"6":{"type":"branch","line":34,"loc":{"start":{"line":34,"column":2},"end":{"line":36,"column":3}},"locations":[{"start":{"line":34,"column":2},"end":{"line":36,"column":3}}]},"7":{"type":"branch","line":38,"loc":{"start":{"line":38,"column":9},"end":{"line":40,"column":3}},"locations":[{"start":{"line":38,"column":9},"end":{"line":40,"column":3}}]},"8":{"type":"branch","line":71,"loc":{"start":{"line":71,"column":2},"end":{"line":73,"column":3}},"locations":[{"start":{"line":71,"column":2},"end":{"line":73,"column":3}}]},"9":{"type":"branch","line":75,"loc":{"start":{"line":75,"column":2},"end":{"line":77,"column":3}},"locations":[{"start":{"line":75,"column":2},"end":{"line":77,"column":3}}]},"10":{"type":"branch","line":79,"loc":{"start":{"line":79,"column":2},"end":{"line":81,"column":3}},"locations":[{"start":{"line":79,"column":2},"end":{"line":81,"column":3}}]},"11":{"type":"branch","line":83,"loc":{"start":{"line":83,"column":12},"end":{"line":86,"column":3}},"locations":[{"start":{"line":83,"column":12},"end":{"line":86,"column":3}}]},"12":{"type":"branch","line":88,"loc":{"start":{"line":88,"column":2},"end":{"line":92,"column":3}},"locations":[{"start":{"line":88,"column":2},"end":{"line":92,"column":3}}]},"13":{"type":"branch","line":105,"loc":{"start":{"line":105,"column":2},"end":{"line":110,"column":3}},"locations":[{"start":{"line":105,"column":2},"end":{"line":110,"column":3}}]},"14":{"type":"branch","line":118,"loc":{"start":{"line":118,"column":2},"end":{"line":125,"column":3}},"locations":[{"start":{"line":118,"column":2},"end":{"line":125,"column":3}}]},"15":{"type":"branch","line":129,"loc":{"start":{"line":129,"column":12},"end":{"line":130,"column":42}},"locations":[{"start":{"line":129,"column":12},"end":{"line":130,"column":42}}]},"16":{"type":"branch","line":131,"loc":{"start":{"line":131,"column":16},"end":{"line":132,"column":46}},"locations":[{"start":{"line":131,"column":16},"end":{"line":132,"column":46}}]},"17":{"type":"branch","line":133,"loc":{"start":{"line":133,"column":12},"end":{"line":133,"column":75}},"locations":[{"start":{"line":133,"column":12},"end":{"line":133,"column":75}}]}},"b":{"0":[10],"1":[3],"2":[1],"3":[2],"4":[17],"5":[4],"6":[1],"7":[15],"8":[4],"9":[3],"10":[2],"11":[2],"12":[1],"13":[3],"14":[8],"15":[2],"16":[2],"17":[2]},"fnMap":{"0":{"name":"BaseEntity","decl":{"start":{"line":12,"column":2},"end":{"line":12,"column":41}},"loc":{"start":{"line":12,"column":2},"end":{"line":12,"column":41}},"line":12},"1":{"name":"equals","decl":{"start":{"line":14,"column":2},"end":{"line":17,"column":3}},"loc":{"start":{"line":14,"column":2},"end":{"line":17,"column":3}},"line":14},"2":{"name":"Uuid","decl":{"start":{"line":28,"column":2},"end":{"line":28,"column":47}},"loc":{"start":{"line":28,"column":2},"end":{"line":28,"column":47}},"line":28},"3":{"name":"equals","decl":{"start":{"line":30,"column":2},"end":{"line":32,"column":3}},"loc":{"start":{"line":30,"column":2},"end":{"line":32,"column":3}},"line":30},"4":{"name":"toString","decl":{"start":{"line":34,"column":2},"end":{"line":36,"column":3}},"loc":{"start":{"line":34,"column":2},"end":{"line":36,"column":3}},"line":34},"5":{"name":"create","decl":{"start":{"line":38,"column":9},"end":{"line":40,"column":3}},"loc":{"start":{"line":38,"column":9},"end":{"line":40,"column":3}},"line":38},"6":{"name":"BaseAggregate","decl":{"start":{"line":71,"column":2},"end":{"line":73,"column":3}},"loc":{"start":{"line":71,"column":2},"end":{"line":73,"column":3}},"line":71},"7":{"name":"get version","decl":{"start":{"line":75,"column":2},"end":{"line":77,"column":3}},"loc":{"start":{"line":75,"column":2},"end":{"line":77,"column":3}},"line":75},"8":{"name":"get pendingEvents","decl":{"start":{"line":79,"column":2},"end":{"line":81,"column":3}},"loc":{"start":{"line":79,"column":2},"end":{"line":81,"column":3}},"line":79},"9":{"name":"addEvent","decl":{"start":{"line":83,"column":12},"end":{"line":86,"column":3}},"loc":{"start":{"line":83,"column":12},"end":{"line":86,"column":3}},"line":83},"10":{"name":"pullEvents","decl":{"start":{"line":88,"column":2},"end":{"line":92,"column":3}},"loc":{"start":{"line":88,"column":2},"end":{"line":92,"column":3}},"line":88},"11":{"name":"BaseDomainEvent","decl":{"start":{"line":105,"column":2},"end":{"line":110,"column":3}},"loc":{"start":{"line":105,"column":2},"end":{"line":110,"column":3}},"line":105},"12":{"name":"DomainError","decl":{"start":{"line":118,"column":2},"end":{"line":125,"column":3}},"loc":{"start":{"line":118,"column":2},"end":{"line":125,"column":3}},"line":118},"13":{"name":"NotFound","decl":{"start":{"line":129,"column":12},"end":{"line":130,"column":42}},"loc":{"start":{"line":129,"column":12},"end":{"line":130,"column":42}},"line":129},"14":{"name":"InvalidInput","decl":{"start":{"line":131,"column":16},"end":{"line":132,"column":46}},"loc":{"start":{"line":131,"column":16},"end":{"line":132,"column":46}},"line":131},"15":{"name":"Conflict","decl":{"start":{"line":133,"column":12},"end":{"line":133,"column":75}},"loc":{"start":{"line":133,"column":12},"end":{"line":133,"column":75}},"line":133}},"f":{"0":10,"1":3,"2":17,"3":4,"4":1,"5":15,"6":4,"7":3,"8":2,"9":2,"10":1,"11":3,"12":8,"13":2,"14":2,"15":2}}
,"/Users/kooshapari/CodeProjects/Phenotype/repos/HexaType/src/ports/index.ts": {"path":"/Users/kooshapari/CodeProjects/Phenotype/repos/HexaType/src/ports/index.ts","all":false,"statementMap":{},"s":{},"branchMap":{},"b":{},"fnMap":{},"f":{}}
}
